TN:
SF:src/application/CadastrarUsuario/CadastrarUsuario.usecase.ts
FN:5,CadastrarUsuarioUseCase
FN:7,handle
FNF:2
FNH:2
FNDA:1,CadastrarUsuarioUseCase
FNDA:1,handle
DA:1,1
DA:2,1
DA:3,1
DA:4,1
DA:5,1
DA:6,1
DA:7,1
DA:8,1
DA:9,1
DA:10,1
DA:11,1
DA:12,1
DA:13,1
DA:14,1
DA:15,1
DA:16,1
DA:17,1
DA:18,1
DA:19,1
DA:20,1
DA:21,1
DA:22,1
DA:23,1
LF:23
LH:23
BRDA:5,0,0,1
BRDA:7,1,0,1
BRDA:7,2,0,1
BRF:3
BRH:3
end_of_record
TN:
SF:src/common/GerarId.ts
FN:2,GerarId
FNF:1
FNH:1
FNDA:2,GerarId
DA:1,1
DA:2,1
LF:2
LH:2
BRDA:2,0,0,2
BRF:1
BRH:1
end_of_record
